<?xml version="1.0" encoding="UTF-8"?>
<!-- Generated by org.testng.reporters.JUnitReportReporter -->
<testsuite skipped="0" hostname="DESKTOP-G8OT4N2" name="techfiostest2.ShouldBeLogin" tests="1" failures="0" timestamp="2020-04-09T09:30:30 CDT" time="12.292" errors="0">
  <testcase name="ShouldBeAbleToLogin" time="12.292" classname="techfiostest2.ShouldBeLogin"/>
  <system-out/>
</testsuite> <!-- techfiostest2.ShouldBeLogin -->
